<?xml version="1.0" encoding="UTF-8"?>
<!-- Generated by org.testng.reporters.JUnitXMLReporter -->
<testsuite ignored="0" hostname="lanha" failures="0" tests="6" name="chromeTest" time="55.428" errors="0" timestamp="2025-03-16T12:26:56 EDT">
  <testcase classname="testcases.TC003_LoginDataDrivenTest" name="verifyLoginDataDriven" time="2.43"/>
  <testcase classname="testcases.TC003_LoginDataDrivenTest" name="verifyLoginDataDriven" time="11.369"/>
  <testcase classname="testcases.TC003_LoginDataDrivenTest" name="verifyLoginDataDriven" time="11.964"/>
  <testcase classname="testcases.TC003_LoginDataDrivenTest" name="verifyLoginDataDriven" time="11.397"/>
  <testcase classname="testcases.TC003_LoginDataDrivenTest" name="verifyLoginDataDriven" time="2.737"/>
  <testcase classname="testcases.TC002_LoginTests" name="verifyLogin" time="1.789"/>
</testsuite> <!-- chromeTest -->
