<?xml version="1.0" encoding="UTF-8"?>
<!-- Generated by org.testng.reporters.JUnitXMLReporter -->
<testsuite ignored="0" hostname="lanha" failures="0" tests="5" name="chromeTest" time="46.82" errors="0" timestamp="2025-03-24T13:56:03 EDT">
  <testcase classname="testcases.TC003_LoginDataDrivenTest" name="verifyLoginDataDriven" time="2.757"/>
  <testcase classname="testcases.TC003_LoginDataDrivenTest" name="verifyLoginDataDriven" time="11.019"/>
  <testcase classname="testcases.TC003_LoginDataDrivenTest" name="verifyLoginDataDriven" time="11.612"/>
  <testcase classname="testcases.TC003_LoginDataDrivenTest" name="verifyLoginDataDriven" time="11.406"/>
  <testcase classname="testcases.TC003_LoginDataDrivenTest" name="verifyLoginDataDriven" time="3.066"/>
</testsuite> <!-- chromeTest -->
